Terminals unused in grammar

   ERROR


Grammar

    0 $accept: program $end

    1 program: declarationList

    2 declarationList: declarationList declaration
    3                | declaration

    4 declaration: varDeclaration
    5            | funDeclaration
    6            | recDeclaration

    7 recDeclaration: RECORD ID LCURLY localDeclarations RCURLY

    8 varDeclaration: typeSpecifier varDeclList SEMICOLON

    9 scopedVarDeclaration: scopedTypeSpecifier varDeclList SEMICOLON

   10 varDeclList: varDeclList COMMA varDeclInitialize
   11            | varDeclInitialize

   12 varDeclInitialize: varDeclId
   13                  | varDeclId COLON simpleExpression

   14 varDeclId: ID
   15          | ID LBRACKET NUMCONST RBRACKET

   16 scopedTypeSpecifier: STATIC typeSpecifier
   17                    | typeSpecifier

   18 typeSpecifier: returnTypeSpecifier
   19              | RECTYPE

   20 returnTypeSpecifier: INT
   21                    | BOOL
   22                    | CHAR

   23 funDeclaration: typeSpecifier ID LPAREN params RPAREN statement
   24               | ID LPAREN params RPAREN statement

   25 params: paramList
   26       | %empty

   27 paramList: paramList SEMICOLON paramTypeList
   28          | paramTypeList

   29 paramTypeList: typeSpecifier paramIdList

   30 paramIdList: paramIdList COMMA paramId
   31            | paramId

   32 paramId: ID
   33        | ID LBRACKET RBRACKET

   34 statement: matched
   35          | unmatched

   36 matched: selectionStmtMatched
   37        | iterationStmtMatched
   38        | expressionStmt
   39        | compoundStmt
   40        | returnStmt
   41        | breakStmt

   42 unmatched: selectionStmtUnmatched
   43          | iterationStmtUnmatched

   44 compoundStmt: LCURLY localDeclarations statementList RCURLY

   45 localDeclarations: localDeclarations scopedVarDeclaration
   46                  | %empty

   47 statementList: statementList statement
   48              | %empty

   49 expressionStmt: expression SEMICOLON
   50               | SEMICOLON

   51 selectionStmtMatched: IF LPAREN simpleExpression RPAREN matched ELSE matched

   52 selectionStmtUnmatched: IF LPAREN simpleExpression RPAREN matched ELSE unmatched
   53                       | IF LPAREN simpleExpression RPAREN statement

   54 iterationStmtMatched: WHILE LPAREN simpleExpression RPAREN matched

   55 iterationStmtUnmatched: WHILE LPAREN simpleExpression RPAREN unmatched

   56 returnStmt: RETURN SEMICOLON
   57           | RETURN expression SEMICOLON

   58 breakStmt: BREAK SEMICOLON

   59 expression: mutable ASSIGN expression
   60           | mutable ADDASS expression
   61           | mutable SUBASS expression
   62           | mutable MULASS expression
   63           | mutable DIVASS expression
   64           | mutable INC
   65           | mutable DEC
   66           | simpleExpression

   67 simpleExpression: simpleExpression OR andExpresssion
   68                 | andExpresssion

   69 andExpresssion: andExpresssion AND unaryRelExpression
   70               | unaryRelExpression

   71 unaryRelExpression: NOT unaryRelExpression
   72                   | relExpression

   73 relExpression: sumExpression relop sumExpression
   74              | sumExpression

   75 relop: LESSEQ
   76      | LTHAN
   77      | GTHAN
   78      | GRTEQ
   79      | EQ
   80      | NOTEQ

   81 sumExpression: sumExpression sumop term
   82              | term

   83 sumop: ADD
   84      | MINUS

   85 term: term mulop unaryExpression
   86     | unaryExpression

   87 mulop: STAR
   88      | DIV
   89      | PERCENT

   90 unaryExpression: unaryop unaryExpression
   91                | factor

   92 unaryop: MINUS
   93        | STAR
   94        | QMARK

   95 factor: immutable
   96       | mutable

   97 mutable: ID
   98        | mutable LBRACKET expression RBRACKET
   99        | mutable DOT ID

  100 immutable: LPAREN expression RPAREN
  101          | call
  102          | constant

  103 call: ID LPAREN args RPAREN

  104 args: argList
  105     | %empty

  106 argList: argList COMMA expression
  107        | expression

  108 constant: NUMCONST
  109         | CHARCONST
  110         | BOOLCONST


Terminals, with rules where they appear

$end (0) 0
error (256)
NUMCONST (258) 15 108
BOOLCONST (259) 110
ID (260) 7 14 15 23 24 32 33 97 99 103
CHARCONST (261) 109
RECTYPE (262) 19
RECORD (263) 7
STATIC (264) 16
INT (265) 20
CHAR (266) 22
BOOL (267) 21
IF (268) 51 52 53
ELSE (269) 51 52
AND (270) 69
OR (271) 67
NOT (272) 71
WHILE (273) 54 55
BREAK (274) 58
RETURN (275) 56 57
DIV (276) 88
STAR (277) 87 93
ADD (278) 83
MINUS (279) 84 92
PERCENT (280) 89
COMMA (281) 10 30 106
ASSIGN (282) 59
MULASS (283) 62
INC (284) 64
ADDASS (285) 60
DEC (286) 65
SUBASS (287) 61
DIVASS (288) 63
LTHAN (289) 76
LESSEQ (290) 75
EQ (291) 79
NOTEQ (292) 80
GTHAN (293) 77
GRTEQ (294) 78
QMARK (295) 94
LPAREN (296) 23 24 51 52 53 54 55 100 103
RPAREN (297) 23 24 51 52 53 54 55 100 103
LCURLY (298) 7 44
RCURLY (299) 7 44
LBRACKET (300) 15 33 98
RBRACKET (301) 15 33 98
COLON (302) 13
SEMICOLON (303) 8 9 27 49 50 56 57 58
DOT (304) 99
ERROR (305)


Nonterminals, with rules where they appear

$accept (51)
    on left: 0
program (52)
    on left: 1, on right: 0
declarationList (53)
    on left: 2 3, on right: 1 2
declaration (54)
    on left: 4 5 6, on right: 2 3
recDeclaration (55)
    on left: 7, on right: 6
varDeclaration (56)
    on left: 8, on right: 4
scopedVarDeclaration (57)
    on left: 9, on right: 45
varDeclList (58)
    on left: 10 11, on right: 8 9 10
varDeclInitialize (59)
    on left: 12 13, on right: 10 11
varDeclId (60)
    on left: 14 15, on right: 12 13
scopedTypeSpecifier (61)
    on left: 16 17, on right: 9
typeSpecifier (62)
    on left: 18 19, on right: 8 16 17 23 29
returnTypeSpecifier (63)
    on left: 20 21 22, on right: 18
funDeclaration (64)
    on left: 23 24, on right: 5
params (65)
    on left: 25 26, on right: 23 24
paramList (66)
    on left: 27 28, on right: 25 27
paramTypeList (67)
    on left: 29, on right: 27 28
paramIdList (68)
    on left: 30 31, on right: 29 30
paramId (69)
    on left: 32 33, on right: 30 31
statement (70)
    on left: 34 35, on right: 23 24 47 53
matched (71)
    on left: 36 37 38 39 40 41, on right: 34 51 52 54
unmatched (72)
    on left: 42 43, on right: 35 52 55
compoundStmt (73)
    on left: 44, on right: 39
localDeclarations (74)
    on left: 45 46, on right: 7 44 45
statementList (75)
    on left: 47 48, on right: 44 47
expressionStmt (76)
    on left: 49 50, on right: 38
selectionStmtMatched (77)
    on left: 51, on right: 36
selectionStmtUnmatched (78)
    on left: 52 53, on right: 42
iterationStmtMatched (79)
    on left: 54, on right: 37
iterationStmtUnmatched (80)
    on left: 55, on right: 43
returnStmt (81)
    on left: 56 57, on right: 40
breakStmt (82)
    on left: 58, on right: 41
expression (83)
    on left: 59 60 61 62 63 64 65 66, on right: 49 57 59 60 61 62 63
    98 100 106 107
simpleExpression (84)
    on left: 67 68, on right: 13 51 52 53 54 55 66 67
andExpresssion (85)
    on left: 69 70, on right: 67 68 69
unaryRelExpression (86)
    on left: 71 72, on right: 69 70 71
relExpression (87)
    on left: 73 74, on right: 72
relop (88)
    on left: 75 76 77 78 79 80, on right: 73
sumExpression (89)
    on left: 81 82, on right: 73 74 81
sumop (90)
    on left: 83 84, on right: 81
term (91)
    on left: 85 86, on right: 81 82 85
mulop (92)
    on left: 87 88 89, on right: 85
unaryExpression (93)
    on left: 90 91, on right: 85 86 90
unaryop (94)
    on left: 92 93 94, on right: 90
factor (95)
    on left: 95 96, on right: 91
mutable (96)
    on left: 97 98 99, on right: 59 60 61 62 63 64 65 96 98 99
immutable (97)
    on left: 100 101 102, on right: 95
call (98)
    on left: 103, on right: 101
args (99)
    on left: 104 105, on right: 103
argList (100)
    on left: 106 107, on right: 104 106
constant (101)
    on left: 108 109 110, on right: 102


State 0

    0 $accept: . program $end

    ID       shift, and go to state 1
    RECTYPE  shift, and go to state 2
    RECORD   shift, and go to state 3
    INT      shift, and go to state 4
    CHAR     shift, and go to state 5
    BOOL     shift, and go to state 6

    program              go to state 7
    declarationList      go to state 8
    declaration          go to state 9
    recDeclaration       go to state 10
    varDeclaration       go to state 11
    typeSpecifier        go to state 12
    returnTypeSpecifier  go to state 13
    funDeclaration       go to state 14


State 1

   24 funDeclaration: ID . LPAREN params RPAREN statement

    LPAREN  shift, and go to state 15


State 2

   19 typeSpecifier: RECTYPE .

    $default  reduce using rule 19 (typeSpecifier)


State 3

    7 recDeclaration: RECORD . ID LCURLY localDeclarations RCURLY

    ID  shift, and go to state 16


State 4

   20 returnTypeSpecifier: INT .

    $default  reduce using rule 20 (returnTypeSpecifier)


State 5

   22 returnTypeSpecifier: CHAR .

    $default  reduce using rule 22 (returnTypeSpecifier)


State 6

   21 returnTypeSpecifier: BOOL .

    $default  reduce using rule 21 (returnTypeSpecifier)


State 7

    0 $accept: program . $end

    $end  shift, and go to state 17


State 8

    1 program: declarationList .
    2 declarationList: declarationList . declaration

    ID       shift, and go to state 1
    RECTYPE  shift, and go to state 2
    RECORD   shift, and go to state 3
    INT      shift, and go to state 4
    CHAR     shift, and go to state 5
    BOOL     shift, and go to state 6

    $default  reduce using rule 1 (program)

    declaration          go to state 18
    recDeclaration       go to state 10
    varDeclaration       go to state 11
    typeSpecifier        go to state 12
    returnTypeSpecifier  go to state 13
    funDeclaration       go to state 14


State 9

    3 declarationList: declaration .

    $default  reduce using rule 3 (declarationList)


State 10

    6 declaration: recDeclaration .

    $default  reduce using rule 6 (declaration)


State 11

    4 declaration: varDeclaration .

    $default  reduce using rule 4 (declaration)


State 12

    8 varDeclaration: typeSpecifier . varDeclList SEMICOLON
   23 funDeclaration: typeSpecifier . ID LPAREN params RPAREN statement

    ID  shift, and go to state 19

    varDeclList        go to state 20
    varDeclInitialize  go to state 21
    varDeclId          go to state 22


State 13

   18 typeSpecifier: returnTypeSpecifier .

    $default  reduce using rule 18 (typeSpecifier)


State 14

    5 declaration: funDeclaration .

    $default  reduce using rule 5 (declaration)


State 15

   24 funDeclaration: ID LPAREN . params RPAREN statement

    RECTYPE  shift, and go to state 2
    INT      shift, and go to state 4
    CHAR     shift, and go to state 5
    BOOL     shift, and go to state 6

    $default  reduce using rule 26 (params)

    typeSpecifier        go to state 23
    returnTypeSpecifier  go to state 13
    params               go to state 24
    paramList            go to state 25
    paramTypeList        go to state 26


State 16

    7 recDeclaration: RECORD ID . LCURLY localDeclarations RCURLY

    LCURLY  shift, and go to state 27


State 17

    0 $accept: program $end .

    $default  accept


State 18

    2 declarationList: declarationList declaration .

    $default  reduce using rule 2 (declarationList)


State 19

   14 varDeclId: ID .
   15          | ID . LBRACKET NUMCONST RBRACKET
   23 funDeclaration: typeSpecifier ID . LPAREN params RPAREN statement

    LPAREN    shift, and go to state 28
    LBRACKET  shift, and go to state 29

    $default  reduce using rule 14 (varDeclId)


State 20

    8 varDeclaration: typeSpecifier varDeclList . SEMICOLON
   10 varDeclList: varDeclList . COMMA varDeclInitialize

    COMMA      shift, and go to state 30
    SEMICOLON  shift, and go to state 31


State 21

   11 varDeclList: varDeclInitialize .

    $default  reduce using rule 11 (varDeclList)


State 22

   12 varDeclInitialize: varDeclId .
   13                  | varDeclId . COLON simpleExpression

    COLON  shift, and go to state 32

    $default  reduce using rule 12 (varDeclInitialize)


State 23

   29 paramTypeList: typeSpecifier . paramIdList

    ID  shift, and go to state 33

    paramIdList  go to state 34
    paramId      go to state 35


State 24

   24 funDeclaration: ID LPAREN params . RPAREN statement

    RPAREN  shift, and go to state 36


State 25

   25 params: paramList .
   27 paramList: paramList . SEMICOLON paramTypeList

    SEMICOLON  shift, and go to state 37

    $default  reduce using rule 25 (params)


State 26

   28 paramList: paramTypeList .

    $default  reduce using rule 28 (paramList)


State 27

    7 recDeclaration: RECORD ID LCURLY . localDeclarations RCURLY

    $default  reduce using rule 46 (localDeclarations)

    localDeclarations  go to state 38


State 28

   23 funDeclaration: typeSpecifier ID LPAREN . params RPAREN statement

    RECTYPE  shift, and go to state 2
    INT      shift, and go to state 4
    CHAR     shift, and go to state 5
    BOOL     shift, and go to state 6

    $default  reduce using rule 26 (params)

    typeSpecifier        go to state 23
    returnTypeSpecifier  go to state 13
    params               go to state 39
    paramList            go to state 25
    paramTypeList        go to state 26


State 29

   15 varDeclId: ID LBRACKET . NUMCONST RBRACKET

    NUMCONST  shift, and go to state 40


State 30

   10 varDeclList: varDeclList COMMA . varDeclInitialize

    ID  shift, and go to state 41

    varDeclInitialize  go to state 42
    varDeclId          go to state 22


State 31

    8 varDeclaration: typeSpecifier varDeclList SEMICOLON .

    $default  reduce using rule 8 (varDeclaration)


State 32

   13 varDeclInitialize: varDeclId COLON . simpleExpression

    NUMCONST   shift, and go to state 43
    BOOLCONST  shift, and go to state 44
    ID         shift, and go to state 45
    CHARCONST  shift, and go to state 46
    NOT        shift, and go to state 47
    STAR       shift, and go to state 48
    MINUS      shift, and go to state 49
    QMARK      shift, and go to state 50
    LPAREN     shift, and go to state 51

    simpleExpression    go to state 52
    andExpresssion      go to state 53
    unaryRelExpression  go to state 54
    relExpression       go to state 55
    sumExpression       go to state 56
    term                go to state 57
    unaryExpression     go to state 58
    unaryop             go to state 59
    factor              go to state 60
    mutable             go to state 61
    immutable           go to state 62
    call                go to state 63
    constant            go to state 64


State 33

   32 paramId: ID .
   33        | ID . LBRACKET RBRACKET

    LBRACKET  shift, and go to state 65

    $default  reduce using rule 32 (paramId)


State 34

   29 paramTypeList: typeSpecifier paramIdList .
   30 paramIdList: paramIdList . COMMA paramId

    COMMA  shift, and go to state 66

    $default  reduce using rule 29 (paramTypeList)


State 35

   31 paramIdList: paramId .

    $default  reduce using rule 31 (paramIdList)


State 36

   24 funDeclaration: ID LPAREN params RPAREN . statement

    NUMCONST   shift, and go to state 43
    BOOLCONST  shift, and go to state 44
    ID         shift, and go to state 45
    CHARCONST  shift, and go to state 46
    IF         shift, and go to state 67
    NOT        shift, and go to state 47
    WHILE      shift, and go to state 68
    BREAK      shift, and go to state 69
    RETURN     shift, and go to state 70
    STAR       shift, and go to state 48
    MINUS      shift, and go to state 49
    QMARK      shift, and go to state 50
    LPAREN     shift, and go to state 51
    LCURLY     shift, and go to state 71
    SEMICOLON  shift, and go to state 72

    statement               go to state 73
    matched                 go to state 74
    unmatched               go to state 75
    compoundStmt            go to state 76
    expressionStmt          go to state 77
    selectionStmtMatched    go to state 78
    selectionStmtUnmatched  go to state 79
    iterationStmtMatched    go to state 80
    iterationStmtUnmatched  go to state 81
    returnStmt              go to state 82
    breakStmt               go to state 83
    expression              go to state 84
    simpleExpression        go to state 85
    andExpresssion          go to state 53
    unaryRelExpression      go to state 54
    relExpression           go to state 55
    sumExpression           go to state 56
    term                    go to state 57
    unaryExpression         go to state 58
    unaryop                 go to state 59
    factor                  go to state 60
    mutable                 go to state 86
    immutable               go to state 62
    call                    go to state 63
    constant                go to state 64


State 37

   27 paramList: paramList SEMICOLON . paramTypeList

    RECTYPE  shift, and go to state 2
    INT      shift, and go to state 4
    CHAR     shift, and go to state 5
    BOOL     shift, and go to state 6

    typeSpecifier        go to state 23
    returnTypeSpecifier  go to state 13
    paramTypeList        go to state 87


State 38

    7 recDeclaration: RECORD ID LCURLY localDeclarations . RCURLY
   45 localDeclarations: localDeclarations . scopedVarDeclaration

    RECTYPE  shift, and go to state 2
    STATIC   shift, and go to state 88
    INT      shift, and go to state 4
    CHAR     shift, and go to state 5
    BOOL     shift, and go to state 6
    RCURLY   shift, and go to state 89

    scopedVarDeclaration  go to state 90
    scopedTypeSpecifier   go to state 91
    typeSpecifier         go to state 92
    returnTypeSpecifier   go to state 13


State 39

   23 funDeclaration: typeSpecifier ID LPAREN params . RPAREN statement

    RPAREN  shift, and go to state 93


State 40

   15 varDeclId: ID LBRACKET NUMCONST . RBRACKET

    RBRACKET  shift, and go to state 94


State 41

   14 varDeclId: ID .
   15          | ID . LBRACKET NUMCONST RBRACKET

    LBRACKET  shift, and go to state 29

    $default  reduce using rule 14 (varDeclId)


State 42

   10 varDeclList: varDeclList COMMA varDeclInitialize .

    $default  reduce using rule 10 (varDeclList)


State 43

  108 constant: NUMCONST .

    $default  reduce using rule 108 (constant)


State 44

  110 constant: BOOLCONST .

    $default  reduce using rule 110 (constant)


State 45

   97 mutable: ID .
  103 call: ID . LPAREN args RPAREN

    LPAREN  shift, and go to state 95

    $default  reduce using rule 97 (mutable)


State 46

  109 constant: CHARCONST .

    $default  reduce using rule 109 (constant)


State 47

   71 unaryRelExpression: NOT . unaryRelExpression

    NUMCONST   shift, and go to state 43
    BOOLCONST  shift, and go to state 44
    ID         shift, and go to state 45
    CHARCONST  shift, and go to state 46
    NOT        shift, and go to state 47
    STAR       shift, and go to state 48
    MINUS      shift, and go to state 49
    QMARK      shift, and go to state 50
    LPAREN     shift, and go to state 51

    unaryRelExpression  go to state 96
    relExpression       go to state 55
    sumExpression       go to state 56
    term                go to state 57
    unaryExpression     go to state 58
    unaryop             go to state 59
    factor              go to state 60
    mutable             go to state 61
    immutable           go to state 62
    call                go to state 63
    constant            go to state 64


State 48

   93 unaryop: STAR .

    $default  reduce using rule 93 (unaryop)


State 49

   92 unaryop: MINUS .

    $default  reduce using rule 92 (unaryop)


State 50

   94 unaryop: QMARK .

    $default  reduce using rule 94 (unaryop)


State 51

  100 immutable: LPAREN . expression RPAREN

    NUMCONST   shift, and go to state 43
    BOOLCONST  shift, and go to state 44
    ID         shift, and go to state 45
    CHARCONST  shift, and go to state 46
    NOT        shift, and go to state 47
    STAR       shift, and go to state 48
    MINUS      shift, and go to state 49
    QMARK      shift, and go to state 50
    LPAREN     shift, and go to state 51

    expression          go to state 97
    simpleExpression    go to state 85
    andExpresssion      go to state 53
    unaryRelExpression  go to state 54
    relExpression       go to state 55
    sumExpression       go to state 56
    term                go to state 57
    unaryExpression     go to state 58
    unaryop             go to state 59
    factor              go to state 60
    mutable             go to state 86
    immutable           go to state 62
    call                go to state 63
    constant            go to state 64


State 52

   13 varDeclInitialize: varDeclId COLON simpleExpression .
   67 simpleExpression: simpleExpression . OR andExpresssion

    OR  shift, and go to state 98

    $default  reduce using rule 13 (varDeclInitialize)


State 53

   68 simpleExpression: andExpresssion .
   69 andExpresssion: andExpresssion . AND unaryRelExpression

    AND  shift, and go to state 99

    $default  reduce using rule 68 (simpleExpression)


State 54

   70 andExpresssion: unaryRelExpression .

    $default  reduce using rule 70 (andExpresssion)


State 55

   72 unaryRelExpression: relExpression .

    $default  reduce using rule 72 (unaryRelExpression)


State 56

   73 relExpression: sumExpression . relop sumExpression
   74              | sumExpression .
   81 sumExpression: sumExpression . sumop term

    ADD     shift, and go to state 100
    MINUS   shift, and go to state 101
    LTHAN   shift, and go to state 102
    LESSEQ  shift, and go to state 103
    EQ      shift, and go to state 104
    NOTEQ   shift, and go to state 105
    GTHAN   shift, and go to state 106
    GRTEQ   shift, and go to state 107

    $default  reduce using rule 74 (relExpression)

    relop  go to state 108
    sumop  go to state 109


State 57

   82 sumExpression: term .
   85 term: term . mulop unaryExpression

    DIV      shift, and go to state 110
    STAR     shift, and go to state 111
    PERCENT  shift, and go to state 112

    $default  reduce using rule 82 (sumExpression)

    mulop  go to state 113


State 58

   86 term: unaryExpression .

    $default  reduce using rule 86 (term)


State 59

   90 unaryExpression: unaryop . unaryExpression

    NUMCONST   shift, and go to state 43
    BOOLCONST  shift, and go to state 44
    ID         shift, and go to state 45
    CHARCONST  shift, and go to state 46
    STAR       shift, and go to state 48
    MINUS      shift, and go to state 49
    QMARK      shift, and go to state 50
    LPAREN     shift, and go to state 51

    unaryExpression  go to state 114
    unaryop          go to state 59
    factor           go to state 60
    mutable          go to state 61
    immutable        go to state 62
    call             go to state 63
    constant         go to state 64


State 60

   91 unaryExpression: factor .

    $default  reduce using rule 91 (unaryExpression)


State 61

   96 factor: mutable .
   98 mutable: mutable . LBRACKET expression RBRACKET
   99        | mutable . DOT ID

    LBRACKET  shift, and go to state 115
    DOT       shift, and go to state 116

    $default  reduce using rule 96 (factor)


State 62

   95 factor: immutable .

    $default  reduce using rule 95 (factor)


State 63

  101 immutable: call .

    $default  reduce using rule 101 (immutable)


State 64

  102 immutable: constant .

    $default  reduce using rule 102 (immutable)


State 65

   33 paramId: ID LBRACKET . RBRACKET

    RBRACKET  shift, and go to state 117


State 66

   30 paramIdList: paramIdList COMMA . paramId

    ID  shift, and go to state 33

    paramId  go to state 118


State 67

   51 selectionStmtMatched: IF . LPAREN simpleExpression RPAREN matched ELSE matched
   52 selectionStmtUnmatched: IF . LPAREN simpleExpression RPAREN matched ELSE unmatched
   53                       | IF . LPAREN simpleExpression RPAREN statement

    LPAREN  shift, and go to state 119


State 68

   54 iterationStmtMatched: WHILE . LPAREN simpleExpression RPAREN matched
   55 iterationStmtUnmatched: WHILE . LPAREN simpleExpression RPAREN unmatched

    LPAREN  shift, and go to state 120


State 69

   58 breakStmt: BREAK . SEMICOLON

    SEMICOLON  shift, and go to state 121


State 70

   56 returnStmt: RETURN . SEMICOLON
   57           | RETURN . expression SEMICOLON

    NUMCONST   shift, and go to state 43
    BOOLCONST  shift, and go to state 44
    ID         shift, and go to state 45
    CHARCONST  shift, and go to state 46
    NOT        shift, and go to state 47
    STAR       shift, and go to state 48
    MINUS      shift, and go to state 49
    QMARK      shift, and go to state 50
    LPAREN     shift, and go to state 51
    SEMICOLON  shift, and go to state 122

    expression          go to state 123
    simpleExpression    go to state 85
    andExpresssion      go to state 53
    unaryRelExpression  go to state 54
    relExpression       go to state 55
    sumExpression       go to state 56
    term                go to state 57
    unaryExpression     go to state 58
    unaryop             go to state 59
    factor              go to state 60
    mutable             go to state 86
    immutable           go to state 62
    call                go to state 63
    constant            go to state 64


State 71

   44 compoundStmt: LCURLY . localDeclarations statementList RCURLY

    $default  reduce using rule 46 (localDeclarations)

    localDeclarations  go to state 124


State 72

   50 expressionStmt: SEMICOLON .

    $default  reduce using rule 50 (expressionStmt)


State 73

   24 funDeclaration: ID LPAREN params RPAREN statement .

    $default  reduce using rule 24 (funDeclaration)


State 74

   34 statement: matched .

    $default  reduce using rule 34 (statement)


State 75

   35 statement: unmatched .

    $default  reduce using rule 35 (statement)


State 76

   39 matched: compoundStmt .

    $default  reduce using rule 39 (matched)


State 77

   38 matched: expressionStmt .

    $default  reduce using rule 38 (matched)


State 78

   36 matched: selectionStmtMatched .

    $default  reduce using rule 36 (matched)


State 79

   42 unmatched: selectionStmtUnmatched .

    $default  reduce using rule 42 (unmatched)


State 80

   37 matched: iterationStmtMatched .

    $default  reduce using rule 37 (matched)


State 81

   43 unmatched: iterationStmtUnmatched .

    $default  reduce using rule 43 (unmatched)


State 82

   40 matched: returnStmt .

    $default  reduce using rule 40 (matched)


State 83

   41 matched: breakStmt .

    $default  reduce using rule 41 (matched)


State 84

   49 expressionStmt: expression . SEMICOLON

    SEMICOLON  shift, and go to state 125


State 85

   66 expression: simpleExpression .
   67 simpleExpression: simpleExpression . OR andExpresssion

    OR  shift, and go to state 98

    $default  reduce using rule 66 (expression)


State 86

   59 expression: mutable . ASSIGN expression
   60           | mutable . ADDASS expression
   61           | mutable . SUBASS expression
   62           | mutable . MULASS expression
   63           | mutable . DIVASS expression
   64           | mutable . INC
   65           | mutable . DEC
   96 factor: mutable .
   98 mutable: mutable . LBRACKET expression RBRACKET
   99        | mutable . DOT ID

    ASSIGN    shift, and go to state 126
    MULASS    shift, and go to state 127
    INC       shift, and go to state 128
    ADDASS    shift, and go to state 129
    DEC       shift, and go to state 130
    SUBASS    shift, and go to state 131
    DIVASS    shift, and go to state 132
    LBRACKET  shift, and go to state 115
    DOT       shift, and go to state 116

    $default  reduce using rule 96 (factor)


State 87

   27 paramList: paramList SEMICOLON paramTypeList .

    $default  reduce using rule 27 (paramList)


State 88

   16 scopedTypeSpecifier: STATIC . typeSpecifier

    RECTYPE  shift, and go to state 2
    INT      shift, and go to state 4
    CHAR     shift, and go to state 5
    BOOL     shift, and go to state 6

    typeSpecifier        go to state 133
    returnTypeSpecifier  go to state 13


State 89

    7 recDeclaration: RECORD ID LCURLY localDeclarations RCURLY .

    $default  reduce using rule 7 (recDeclaration)


State 90

   45 localDeclarations: localDeclarations scopedVarDeclaration .

    $default  reduce using rule 45 (localDeclarations)


State 91

    9 scopedVarDeclaration: scopedTypeSpecifier . varDeclList SEMICOLON

    ID  shift, and go to state 41

    varDeclList        go to state 134
    varDeclInitialize  go to state 21
    varDeclId          go to state 22


State 92

   17 scopedTypeSpecifier: typeSpecifier .

    $default  reduce using rule 17 (scopedTypeSpecifier)


State 93

   23 funDeclaration: typeSpecifier ID LPAREN params RPAREN . statement

    NUMCONST   shift, and go to state 43
    BOOLCONST  shift, and go to state 44
    ID         shift, and go to state 45
    CHARCONST  shift, and go to state 46
    IF         shift, and go to state 67
    NOT        shift, and go to state 47
    WHILE      shift, and go to state 68
    BREAK      shift, and go to state 69
    RETURN     shift, and go to state 70
    STAR       shift, and go to state 48
    MINUS      shift, and go to state 49
    QMARK      shift, and go to state 50
    LPAREN     shift, and go to state 51
    LCURLY     shift, and go to state 71
    SEMICOLON  shift, and go to state 72

    statement               go to state 135
    matched                 go to state 74
    unmatched               go to state 75
    compoundStmt            go to state 76
    expressionStmt          go to state 77
    selectionStmtMatched    go to state 78
    selectionStmtUnmatched  go to state 79
    iterationStmtMatched    go to state 80
    iterationStmtUnmatched  go to state 81
    returnStmt              go to state 82
    breakStmt               go to state 83
    expression              go to state 84
    simpleExpression        go to state 85
    andExpresssion          go to state 53
    unaryRelExpression      go to state 54
    relExpression           go to state 55
    sumExpression           go to state 56
    term                    go to state 57
    unaryExpression         go to state 58
    unaryop                 go to state 59
    factor                  go to state 60
    mutable                 go to state 86
    immutable               go to state 62
    call                    go to state 63
    constant                go to state 64


State 94

   15 varDeclId: ID LBRACKET NUMCONST RBRACKET .

    $default  reduce using rule 15 (varDeclId)


State 95

  103 call: ID LPAREN . args RPAREN

    NUMCONST   shift, and go to state 43
    BOOLCONST  shift, and go to state 44
    ID         shift, and go to state 45
    CHARCONST  shift, and go to state 46
    NOT        shift, and go to state 47
    STAR       shift, and go to state 48
    MINUS      shift, and go to state 49
    QMARK      shift, and go to state 50
    LPAREN     shift, and go to state 51

    $default  reduce using rule 105 (args)

    expression          go to state 136
    simpleExpression    go to state 85
    andExpresssion      go to state 53
    unaryRelExpression  go to state 54
    relExpression       go to state 55
    sumExpression       go to state 56
    term                go to state 57
    unaryExpression     go to state 58
    unaryop             go to state 59
    factor              go to state 60
    mutable             go to state 86
    immutable           go to state 62
    call                go to state 63
    args                go to state 137
    argList             go to state 138
    constant            go to state 64


State 96

   71 unaryRelExpression: NOT unaryRelExpression .

    $default  reduce using rule 71 (unaryRelExpression)


State 97

  100 immutable: LPAREN expression . RPAREN

    RPAREN  shift, and go to state 139


State 98

   67 simpleExpression: simpleExpression OR . andExpresssion

    NUMCONST   shift, and go to state 43
    BOOLCONST  shift, and go to state 44
    ID         shift, and go to state 45
    CHARCONST  shift, and go to state 46
    NOT        shift, and go to state 47
    STAR       shift, and go to state 48
    MINUS      shift, and go to state 49
    QMARK      shift, and go to state 50
    LPAREN     shift, and go to state 51

    andExpresssion      go to state 140
    unaryRelExpression  go to state 54
    relExpression       go to state 55
    sumExpression       go to state 56
    term                go to state 57
    unaryExpression     go to state 58
    unaryop             go to state 59
    factor              go to state 60
    mutable             go to state 61
    immutable           go to state 62
    call                go to state 63
    constant            go to state 64


State 99

   69 andExpresssion: andExpresssion AND . unaryRelExpression

    NUMCONST   shift, and go to state 43
    BOOLCONST  shift, and go to state 44
    ID         shift, and go to state 45
    CHARCONST  shift, and go to state 46
    NOT        shift, and go to state 47
    STAR       shift, and go to state 48
    MINUS      shift, and go to state 49
    QMARK      shift, and go to state 50
    LPAREN     shift, and go to state 51

    unaryRelExpression  go to state 141
    relExpression       go to state 55
    sumExpression       go to state 56
    term                go to state 57
    unaryExpression     go to state 58
    unaryop             go to state 59
    factor              go to state 60
    mutable             go to state 61
    immutable           go to state 62
    call                go to state 63
    constant            go to state 64


State 100

   83 sumop: ADD .

    $default  reduce using rule 83 (sumop)


State 101

   84 sumop: MINUS .

    $default  reduce using rule 84 (sumop)


State 102

   76 relop: LTHAN .

    $default  reduce using rule 76 (relop)


State 103

   75 relop: LESSEQ .

    $default  reduce using rule 75 (relop)


State 104

   79 relop: EQ .

    $default  reduce using rule 79 (relop)


State 105

   80 relop: NOTEQ .

    $default  reduce using rule 80 (relop)


State 106

   77 relop: GTHAN .

    $default  reduce using rule 77 (relop)


State 107

   78 relop: GRTEQ .

    $default  reduce using rule 78 (relop)


State 108

   73 relExpression: sumExpression relop . sumExpression

    NUMCONST   shift, and go to state 43
    BOOLCONST  shift, and go to state 44
    ID         shift, and go to state 45
    CHARCONST  shift, and go to state 46
    STAR       shift, and go to state 48
    MINUS      shift, and go to state 49
    QMARK      shift, and go to state 50
    LPAREN     shift, and go to state 51

    sumExpression    go to state 142
    term             go to state 57
    unaryExpression  go to state 58
    unaryop          go to state 59
    factor           go to state 60
    mutable          go to state 61
    immutable        go to state 62
    call             go to state 63
    constant         go to state 64


State 109

   81 sumExpression: sumExpression sumop . term

    NUMCONST   shift, and go to state 43
    BOOLCONST  shift, and go to state 44
    ID         shift, and go to state 45
    CHARCONST  shift, and go to state 46
    STAR       shift, and go to state 48
    MINUS      shift, and go to state 49
    QMARK      shift, and go to state 50
    LPAREN     shift, and go to state 51

    term             go to state 143
    unaryExpression  go to state 58
    unaryop          go to state 59
    factor           go to state 60
    mutable          go to state 61
    immutable        go to state 62
    call             go to state 63
    constant         go to state 64


State 110

   88 mulop: DIV .

    $default  reduce using rule 88 (mulop)


State 111

   87 mulop: STAR .

    $default  reduce using rule 87 (mulop)


State 112

   89 mulop: PERCENT .

    $default  reduce using rule 89 (mulop)


State 113

   85 term: term mulop . unaryExpression

    NUMCONST   shift, and go to state 43
    BOOLCONST  shift, and go to state 44
    ID         shift, and go to state 45
    CHARCONST  shift, and go to state 46
    STAR       shift, and go to state 48
    MINUS      shift, and go to state 49
    QMARK      shift, and go to state 50
    LPAREN     shift, and go to state 51

    unaryExpression  go to state 144
    unaryop          go to state 59
    factor           go to state 60
    mutable          go to state 61
    immutable        go to state 62
    call             go to state 63
    constant         go to state 64


State 114

   90 unaryExpression: unaryop unaryExpression .

    $default  reduce using rule 90 (unaryExpression)


State 115

   98 mutable: mutable LBRACKET . expression RBRACKET

    NUMCONST   shift, and go to state 43
    BOOLCONST  shift, and go to state 44
    ID         shift, and go to state 45
    CHARCONST  shift, and go to state 46
    NOT        shift, and go to state 47
    STAR       shift, and go to state 48
    MINUS      shift, and go to state 49
    QMARK      shift, and go to state 50
    LPAREN     shift, and go to state 51

    expression          go to state 145
    simpleExpression    go to state 85
    andExpresssion      go to state 53
    unaryRelExpression  go to state 54
    relExpression       go to state 55
    sumExpression       go to state 56
    term                go to state 57
    unaryExpression     go to state 58
    unaryop             go to state 59
    factor              go to state 60
    mutable             go to state 86
    immutable           go to state 62
    call                go to state 63
    constant            go to state 64


State 116

   99 mutable: mutable DOT . ID

    ID  shift, and go to state 146


State 117

   33 paramId: ID LBRACKET RBRACKET .

    $default  reduce using rule 33 (paramId)


State 118

   30 paramIdList: paramIdList COMMA paramId .

    $default  reduce using rule 30 (paramIdList)


State 119

   51 selectionStmtMatched: IF LPAREN . simpleExpression RPAREN matched ELSE matched
   52 selectionStmtUnmatched: IF LPAREN . simpleExpression RPAREN matched ELSE unmatched
   53                       | IF LPAREN . simpleExpression RPAREN statement

    NUMCONST   shift, and go to state 43
    BOOLCONST  shift, and go to state 44
    ID         shift, and go to state 45
    CHARCONST  shift, and go to state 46
    NOT        shift, and go to state 47
    STAR       shift, and go to state 48
    MINUS      shift, and go to state 49
    QMARK      shift, and go to state 50
    LPAREN     shift, and go to state 51

    simpleExpression    go to state 147
    andExpresssion      go to state 53
    unaryRelExpression  go to state 54
    relExpression       go to state 55
    sumExpression       go to state 56
    term                go to state 57
    unaryExpression     go to state 58
    unaryop             go to state 59
    factor              go to state 60
    mutable             go to state 61
    immutable           go to state 62
    call                go to state 63
    constant            go to state 64


State 120

   54 iterationStmtMatched: WHILE LPAREN . simpleExpression RPAREN matched
   55 iterationStmtUnmatched: WHILE LPAREN . simpleExpression RPAREN unmatched

    NUMCONST   shift, and go to state 43
    BOOLCONST  shift, and go to state 44
    ID         shift, and go to state 45
    CHARCONST  shift, and go to state 46
    NOT        shift, and go to state 47
    STAR       shift, and go to state 48
    MINUS      shift, and go to state 49
    QMARK      shift, and go to state 50
    LPAREN     shift, and go to state 51

    simpleExpression    go to state 148
    andExpresssion      go to state 53
    unaryRelExpression  go to state 54
    relExpression       go to state 55
    sumExpression       go to state 56
    term                go to state 57
    unaryExpression     go to state 58
    unaryop             go to state 59
    factor              go to state 60
    mutable             go to state 61
    immutable           go to state 62
    call                go to state 63
    constant            go to state 64


State 121

   58 breakStmt: BREAK SEMICOLON .

    $default  reduce using rule 58 (breakStmt)


State 122

   56 returnStmt: RETURN SEMICOLON .

    $default  reduce using rule 56 (returnStmt)


State 123

   57 returnStmt: RETURN expression . SEMICOLON

    SEMICOLON  shift, and go to state 149


State 124

   44 compoundStmt: LCURLY localDeclarations . statementList RCURLY
   45 localDeclarations: localDeclarations . scopedVarDeclaration

    RECTYPE  shift, and go to state 2
    STATIC   shift, and go to state 88
    INT      shift, and go to state 4
    CHAR     shift, and go to state 5
    BOOL     shift, and go to state 6

    $default  reduce using rule 48 (statementList)

    scopedVarDeclaration  go to state 90
    scopedTypeSpecifier   go to state 91
    typeSpecifier         go to state 92
    returnTypeSpecifier   go to state 13
    statementList         go to state 150


State 125

   49 expressionStmt: expression SEMICOLON .

    $default  reduce using rule 49 (expressionStmt)


State 126

   59 expression: mutable ASSIGN . expression

    NUMCONST   shift, and go to state 43
    BOOLCONST  shift, and go to state 44
    ID         shift, and go to state 45
    CHARCONST  shift, and go to state 46
    NOT        shift, and go to state 47
    STAR       shift, and go to state 48
    MINUS      shift, and go to state 49
    QMARK      shift, and go to state 50
    LPAREN     shift, and go to state 51

    expression          go to state 151
    simpleExpression    go to state 85
    andExpresssion      go to state 53
    unaryRelExpression  go to state 54
    relExpression       go to state 55
    sumExpression       go to state 56
    term                go to state 57
    unaryExpression     go to state 58
    unaryop             go to state 59
    factor              go to state 60
    mutable             go to state 86
    immutable           go to state 62
    call                go to state 63
    constant            go to state 64


State 127

   62 expression: mutable MULASS . expression

    NUMCONST   shift, and go to state 43
    BOOLCONST  shift, and go to state 44
    ID         shift, and go to state 45
    CHARCONST  shift, and go to state 46
    NOT        shift, and go to state 47
    STAR       shift, and go to state 48
    MINUS      shift, and go to state 49
    QMARK      shift, and go to state 50
    LPAREN     shift, and go to state 51

    expression          go to state 152
    simpleExpression    go to state 85
    andExpresssion      go to state 53
    unaryRelExpression  go to state 54
    relExpression       go to state 55
    sumExpression       go to state 56
    term                go to state 57
    unaryExpression     go to state 58
    unaryop             go to state 59
    factor              go to state 60
    mutable             go to state 86
    immutable           go to state 62
    call                go to state 63
    constant            go to state 64


State 128

   64 expression: mutable INC .

    $default  reduce using rule 64 (expression)


State 129

   60 expression: mutable ADDASS . expression

    NUMCONST   shift, and go to state 43
    BOOLCONST  shift, and go to state 44
    ID         shift, and go to state 45
    CHARCONST  shift, and go to state 46
    NOT        shift, and go to state 47
    STAR       shift, and go to state 48
    MINUS      shift, and go to state 49
    QMARK      shift, and go to state 50
    LPAREN     shift, and go to state 51

    expression          go to state 153
    simpleExpression    go to state 85
    andExpresssion      go to state 53
    unaryRelExpression  go to state 54
    relExpression       go to state 55
    sumExpression       go to state 56
    term                go to state 57
    unaryExpression     go to state 58
    unaryop             go to state 59
    factor              go to state 60
    mutable             go to state 86
    immutable           go to state 62
    call                go to state 63
    constant            go to state 64


State 130

   65 expression: mutable DEC .

    $default  reduce using rule 65 (expression)


State 131

   61 expression: mutable SUBASS . expression

    NUMCONST   shift, and go to state 43
    BOOLCONST  shift, and go to state 44
    ID         shift, and go to state 45
    CHARCONST  shift, and go to state 46
    NOT        shift, and go to state 47
    STAR       shift, and go to state 48
    MINUS      shift, and go to state 49
    QMARK      shift, and go to state 50
    LPAREN     shift, and go to state 51

    expression          go to state 154
    simpleExpression    go to state 85
    andExpresssion      go to state 53
    unaryRelExpression  go to state 54
    relExpression       go to state 55
    sumExpression       go to state 56
    term                go to state 57
    unaryExpression     go to state 58
    unaryop             go to state 59
    factor              go to state 60
    mutable             go to state 86
    immutable           go to state 62
    call                go to state 63
    constant            go to state 64


State 132

   63 expression: mutable DIVASS . expression

    NUMCONST   shift, and go to state 43
    BOOLCONST  shift, and go to state 44
    ID         shift, and go to state 45
    CHARCONST  shift, and go to state 46
    NOT        shift, and go to state 47
    STAR       shift, and go to state 48
    MINUS      shift, and go to state 49
    QMARK      shift, and go to state 50
    LPAREN     shift, and go to state 51

    expression          go to state 155
    simpleExpression    go to state 85
    andExpresssion      go to state 53
    unaryRelExpression  go to state 54
    relExpression       go to state 55
    sumExpression       go to state 56
    term                go to state 57
    unaryExpression     go to state 58
    unaryop             go to state 59
    factor              go to state 60
    mutable             go to state 86
    immutable           go to state 62
    call                go to state 63
    constant            go to state 64


State 133

   16 scopedTypeSpecifier: STATIC typeSpecifier .

    $default  reduce using rule 16 (scopedTypeSpecifier)


State 134

    9 scopedVarDeclaration: scopedTypeSpecifier varDeclList . SEMICOLON
   10 varDeclList: varDeclList . COMMA varDeclInitialize

    COMMA      shift, and go to state 30
    SEMICOLON  shift, and go to state 156


State 135

   23 funDeclaration: typeSpecifier ID LPAREN params RPAREN statement .

    $default  reduce using rule 23 (funDeclaration)


State 136

  107 argList: expression .

    $default  reduce using rule 107 (argList)


State 137

  103 call: ID LPAREN args . RPAREN

    RPAREN  shift, and go to state 157


State 138

  104 args: argList .
  106 argList: argList . COMMA expression

    COMMA  shift, and go to state 158

    $default  reduce using rule 104 (args)


State 139

  100 immutable: LPAREN expression RPAREN .

    $default  reduce using rule 100 (immutable)


State 140

   67 simpleExpression: simpleExpression OR andExpresssion .
   69 andExpresssion: andExpresssion . AND unaryRelExpression

    AND  shift, and go to state 99

    $default  reduce using rule 67 (simpleExpression)


State 141

   69 andExpresssion: andExpresssion AND unaryRelExpression .

    $default  reduce using rule 69 (andExpresssion)


State 142

   73 relExpression: sumExpression relop sumExpression .
   81 sumExpression: sumExpression . sumop term

    ADD    shift, and go to state 100
    MINUS  shift, and go to state 101

    $default  reduce using rule 73 (relExpression)

    sumop  go to state 109


State 143

   81 sumExpression: sumExpression sumop term .
   85 term: term . mulop unaryExpression

    DIV      shift, and go to state 110
    STAR     shift, and go to state 111
    PERCENT  shift, and go to state 112

    $default  reduce using rule 81 (sumExpression)

    mulop  go to state 113


State 144

   85 term: term mulop unaryExpression .

    $default  reduce using rule 85 (term)


State 145

   98 mutable: mutable LBRACKET expression . RBRACKET

    RBRACKET  shift, and go to state 159


State 146

   99 mutable: mutable DOT ID .

    $default  reduce using rule 99 (mutable)


State 147

   51 selectionStmtMatched: IF LPAREN simpleExpression . RPAREN matched ELSE matched
   52 selectionStmtUnmatched: IF LPAREN simpleExpression . RPAREN matched ELSE unmatched
   53                       | IF LPAREN simpleExpression . RPAREN statement
   67 simpleExpression: simpleExpression . OR andExpresssion

    OR      shift, and go to state 98
    RPAREN  shift, and go to state 160


State 148

   54 iterationStmtMatched: WHILE LPAREN simpleExpression . RPAREN matched
   55 iterationStmtUnmatched: WHILE LPAREN simpleExpression . RPAREN unmatched
   67 simpleExpression: simpleExpression . OR andExpresssion

    OR      shift, and go to state 98
    RPAREN  shift, and go to state 161


State 149

   57 returnStmt: RETURN expression SEMICOLON .

    $default  reduce using rule 57 (returnStmt)


State 150

   44 compoundStmt: LCURLY localDeclarations statementList . RCURLY
   47 statementList: statementList . statement

    NUMCONST   shift, and go to state 43
    BOOLCONST  shift, and go to state 44
    ID         shift, and go to state 45
    CHARCONST  shift, and go to state 46
    IF         shift, and go to state 67
    NOT        shift, and go to state 47
    WHILE      shift, and go to state 68
    BREAK      shift, and go to state 69
    RETURN     shift, and go to state 70
    STAR       shift, and go to state 48
    MINUS      shift, and go to state 49
    QMARK      shift, and go to state 50
    LPAREN     shift, and go to state 51
    LCURLY     shift, and go to state 71
    RCURLY     shift, and go to state 162
    SEMICOLON  shift, and go to state 72

    statement               go to state 163
    matched                 go to state 74
    unmatched               go to state 75
    compoundStmt            go to state 76
    expressionStmt          go to state 77
    selectionStmtMatched    go to state 78
    selectionStmtUnmatched  go to state 79
    iterationStmtMatched    go to state 80
    iterationStmtUnmatched  go to state 81
    returnStmt              go to state 82
    breakStmt               go to state 83
    expression              go to state 84
    simpleExpression        go to state 85
    andExpresssion          go to state 53
    unaryRelExpression      go to state 54
    relExpression           go to state 55
    sumExpression           go to state 56
    term                    go to state 57
    unaryExpression         go to state 58
    unaryop                 go to state 59
    factor                  go to state 60
    mutable                 go to state 86
    immutable               go to state 62
    call                    go to state 63
    constant                go to state 64


State 151

   59 expression: mutable ASSIGN expression .

    $default  reduce using rule 59 (expression)


State 152

   62 expression: mutable MULASS expression .

    $default  reduce using rule 62 (expression)


State 153

   60 expression: mutable ADDASS expression .

    $default  reduce using rule 60 (expression)


State 154

   61 expression: mutable SUBASS expression .

    $default  reduce using rule 61 (expression)


State 155

   63 expression: mutable DIVASS expression .

    $default  reduce using rule 63 (expression)


State 156

    9 scopedVarDeclaration: scopedTypeSpecifier varDeclList SEMICOLON .

    $default  reduce using rule 9 (scopedVarDeclaration)


State 157

  103 call: ID LPAREN args RPAREN .

    $default  reduce using rule 103 (call)


State 158

  106 argList: argList COMMA . expression

    NUMCONST   shift, and go to state 43
    BOOLCONST  shift, and go to state 44
    ID         shift, and go to state 45
    CHARCONST  shift, and go to state 46
    NOT        shift, and go to state 47
    STAR       shift, and go to state 48
    MINUS      shift, and go to state 49
    QMARK      shift, and go to state 50
    LPAREN     shift, and go to state 51

    expression          go to state 164
    simpleExpression    go to state 85
    andExpresssion      go to state 53
    unaryRelExpression  go to state 54
    relExpression       go to state 55
    sumExpression       go to state 56
    term                go to state 57
    unaryExpression     go to state 58
    unaryop             go to state 59
    factor              go to state 60
    mutable             go to state 86
    immutable           go to state 62
    call                go to state 63
    constant            go to state 64


State 159

   98 mutable: mutable LBRACKET expression RBRACKET .

    $default  reduce using rule 98 (mutable)


State 160

   51 selectionStmtMatched: IF LPAREN simpleExpression RPAREN . matched ELSE matched
   52 selectionStmtUnmatched: IF LPAREN simpleExpression RPAREN . matched ELSE unmatched
   53                       | IF LPAREN simpleExpression RPAREN . statement

    NUMCONST   shift, and go to state 43
    BOOLCONST  shift, and go to state 44
    ID         shift, and go to state 45
    CHARCONST  shift, and go to state 46
    IF         shift, and go to state 67
    NOT        shift, and go to state 47
    WHILE      shift, and go to state 68
    BREAK      shift, and go to state 69
    RETURN     shift, and go to state 70
    STAR       shift, and go to state 48
    MINUS      shift, and go to state 49
    QMARK      shift, and go to state 50
    LPAREN     shift, and go to state 51
    LCURLY     shift, and go to state 71
    SEMICOLON  shift, and go to state 72

    statement               go to state 165
    matched                 go to state 166
    unmatched               go to state 75
    compoundStmt            go to state 76
    expressionStmt          go to state 77
    selectionStmtMatched    go to state 78
    selectionStmtUnmatched  go to state 79
    iterationStmtMatched    go to state 80
    iterationStmtUnmatched  go to state 81
    returnStmt              go to state 82
    breakStmt               go to state 83
    expression              go to state 84
    simpleExpression        go to state 85
    andExpresssion          go to state 53
    unaryRelExpression      go to state 54
    relExpression           go to state 55
    sumExpression           go to state 56
    term                    go to state 57
    unaryExpression         go to state 58
    unaryop                 go to state 59
    factor                  go to state 60
    mutable                 go to state 86
    immutable               go to state 62
    call                    go to state 63
    constant                go to state 64


State 161

   54 iterationStmtMatched: WHILE LPAREN simpleExpression RPAREN . matched
   55 iterationStmtUnmatched: WHILE LPAREN simpleExpression RPAREN . unmatched

    NUMCONST   shift, and go to state 43
    BOOLCONST  shift, and go to state 44
    ID         shift, and go to state 45
    CHARCONST  shift, and go to state 46
    IF         shift, and go to state 67
    NOT        shift, and go to state 47
    WHILE      shift, and go to state 68
    BREAK      shift, and go to state 69
    RETURN     shift, and go to state 70
    STAR       shift, and go to state 48
    MINUS      shift, and go to state 49
    QMARK      shift, and go to state 50
    LPAREN     shift, and go to state 51
    LCURLY     shift, and go to state 71
    SEMICOLON  shift, and go to state 72

    matched                 go to state 167
    unmatched               go to state 168
    compoundStmt            go to state 76
    expressionStmt          go to state 77
    selectionStmtMatched    go to state 78
    selectionStmtUnmatched  go to state 79
    iterationStmtMatched    go to state 80
    iterationStmtUnmatched  go to state 81
    returnStmt              go to state 82
    breakStmt               go to state 83
    expression              go to state 84
    simpleExpression        go to state 85
    andExpresssion          go to state 53
    unaryRelExpression      go to state 54
    relExpression           go to state 55
    sumExpression           go to state 56
    term                    go to state 57
    unaryExpression         go to state 58
    unaryop                 go to state 59
    factor                  go to state 60
    mutable                 go to state 86
    immutable               go to state 62
    call                    go to state 63
    constant                go to state 64


State 162

   44 compoundStmt: LCURLY localDeclarations statementList RCURLY .

    $default  reduce using rule 44 (compoundStmt)


State 163

   47 statementList: statementList statement .

    $default  reduce using rule 47 (statementList)


State 164

  106 argList: argList COMMA expression .

    $default  reduce using rule 106 (argList)


State 165

   53 selectionStmtUnmatched: IF LPAREN simpleExpression RPAREN statement .

    $default  reduce using rule 53 (selectionStmtUnmatched)


State 166

   34 statement: matched .
   51 selectionStmtMatched: IF LPAREN simpleExpression RPAREN matched . ELSE matched
   52 selectionStmtUnmatched: IF LPAREN simpleExpression RPAREN matched . ELSE unmatched

    ELSE  shift, and go to state 169

    $default  reduce using rule 34 (statement)


State 167

   54 iterationStmtMatched: WHILE LPAREN simpleExpression RPAREN matched .

    $default  reduce using rule 54 (iterationStmtMatched)


State 168

   55 iterationStmtUnmatched: WHILE LPAREN simpleExpression RPAREN unmatched .

    $default  reduce using rule 55 (iterationStmtUnmatched)


State 169

   51 selectionStmtMatched: IF LPAREN simpleExpression RPAREN matched ELSE . matched
   52 selectionStmtUnmatched: IF LPAREN simpleExpression RPAREN matched ELSE . unmatched

    NUMCONST   shift, and go to state 43
    BOOLCONST  shift, and go to state 44
    ID         shift, and go to state 45
    CHARCONST  shift, and go to state 46
    IF         shift, and go to state 67
    NOT        shift, and go to state 47
    WHILE      shift, and go to state 68
    BREAK      shift, and go to state 69
    RETURN     shift, and go to state 70
    STAR       shift, and go to state 48
    MINUS      shift, and go to state 49
    QMARK      shift, and go to state 50
    LPAREN     shift, and go to state 51
    LCURLY     shift, and go to state 71
    SEMICOLON  shift, and go to state 72

    matched                 go to state 170
    unmatched               go to state 171
    compoundStmt            go to state 76
    expressionStmt          go to state 77
    selectionStmtMatched    go to state 78
    selectionStmtUnmatched  go to state 79
    iterationStmtMatched    go to state 80
    iterationStmtUnmatched  go to state 81
    returnStmt              go to state 82
    breakStmt               go to state 83
    expression              go to state 84
    simpleExpression        go to state 85
    andExpresssion          go to state 53
    unaryRelExpression      go to state 54
    relExpression           go to state 55
    sumExpression           go to state 56
    term                    go to state 57
    unaryExpression         go to state 58
    unaryop                 go to state 59
    factor                  go to state 60
    mutable                 go to state 86
    immutable               go to state 62
    call                    go to state 63
    constant                go to state 64


State 170

   51 selectionStmtMatched: IF LPAREN simpleExpression RPAREN matched ELSE matched .

    $default  reduce using rule 51 (selectionStmtMatched)


State 171

   52 selectionStmtUnmatched: IF LPAREN simpleExpression RPAREN matched ELSE unmatched .

    $default  reduce using rule 52 (selectionStmtUnmatched)
